0 info it worked if it ends with ok
1 verbose cli [ '/usr/local/bin/node', '/usr/local/bin/npm', 'start' ]
2 info using npm@3.10.8
3 info using node@v6.8.1
4 verbose run-script [ 'prestart', 'start', 'poststart' ]
5 info lifecycle indus-web@1.0.0~prestart: indus-web@1.0.0
6 verbose lifecycle indus-web@1.0.0~prestart: unsafe-perm in lifecycle true
7 verbose lifecycle indus-web@1.0.0~prestart: PATH: /usr/local/lib/node_modules/npm/bin/node-gyp-bin:/Users/tanzeelakhan/Desktop/apple/clubs/indus/Indus-Web/node_modules/.bin:/usr/local/var/rbenv/shims:/usr/local/var/rbenv/shims:/Users/tanzeelakhan/anaconda/bin:/Library/Frameworks/Python.framework/Versions/2.7/bin:/Library/Frameworks/Python.framework/Versions/3.5/bin:/usr/local/bin:/usr/bin:/bin:/usr/sbin:/sbin:/opt/local/bin:/opt/X11/bin
8 verbose lifecycle indus-web@1.0.0~prestart: CWD: /Users/tanzeelakhan/Desktop/apple/clubs/indus/Indus-Web
9 silly lifecycle indus-web@1.0.0~prestart: Args: [ '-c', 'npm install' ]
10 silly lifecycle indus-web@1.0.0~prestart: Returned: code: 0  signal: null
11 info lifecycle indus-web@1.0.0~start: indus-web@1.0.0
12 verbose lifecycle indus-web@1.0.0~start: unsafe-perm in lifecycle true
13 verbose lifecycle indus-web@1.0.0~start: PATH: /usr/local/lib/node_modules/npm/bin/node-gyp-bin:/Users/tanzeelakhan/Desktop/apple/clubs/indus/Indus-Web/node_modules/.bin:/usr/local/var/rbenv/shims:/usr/local/var/rbenv/shims:/Users/tanzeelakhan/anaconda/bin:/Library/Frameworks/Python.framework/Versions/2.7/bin:/Library/Frameworks/Python.framework/Versions/3.5/bin:/usr/local/bin:/usr/bin:/bin:/usr/sbin:/sbin:/opt/local/bin:/opt/X11/bin
14 verbose lifecycle indus-web@1.0.0~start: CWD: /Users/tanzeelakhan/Desktop/apple/clubs/indus/Indus-Web
15 silly lifecycle indus-web@1.0.0~start: Args: [ '-c', 'node .' ]
16 silly lifecycle indus-web@1.0.0~start: Returned: code: 1  signal: null
17 info lifecycle indus-web@1.0.0~start: Failed to exec start script
18 verbose stack Error: indus-web@1.0.0 start: `node .`
18 verbose stack Exit status 1
18 verbose stack     at EventEmitter.<anonymous> (/usr/local/lib/node_modules/npm/lib/utils/lifecycle.js:255:16)
18 verbose stack     at emitTwo (events.js:106:13)
18 verbose stack     at EventEmitter.emit (events.js:191:7)
18 verbose stack     at ChildProcess.<anonymous> (/usr/local/lib/node_modules/npm/lib/utils/spawn.js:40:14)
18 verbose stack     at emitTwo (events.js:106:13)
18 verbose stack     at ChildProcess.emit (events.js:191:7)
18 verbose stack     at maybeClose (internal/child_process.js:877:16)
18 verbose stack     at Process.ChildProcess._handle.onexit (internal/child_process.js:226:5)
19 verbose pkgid indus-web@1.0.0
20 verbose cwd /Users/tanzeelakhan/Desktop/apple/clubs/indus/Indus-Web/layouts/partials
21 error Darwin 16.4.0
22 error argv "/usr/local/bin/node" "/usr/local/bin/npm" "start"
23 error node v6.8.1
24 error npm  v3.10.8
25 error code ELIFECYCLE
26 error indus-web@1.0.0 start: `node .`
26 error Exit status 1
27 error Failed at the indus-web@1.0.0 start script 'node .'.
27 error Make sure you have the latest version of node.js and npm installed.
27 error If you do, this is most likely a problem with the indus-web package,
27 error not with npm itself.
27 error Tell the author that this fails on your system:
27 error     node .
27 error You can get information on how to open an issue for this project with:
27 error     npm bugs indus-web
27 error Or if that isn't available, you can get their info via:
27 error     npm owner ls indus-web
27 error There is likely additional logging output above.
28 verbose exit [ 1, true ]
